<?xml version="1.0" encoding="UTF-8"?>
<!-- Generated by org.testng.reporters.JUnitReportReporter -->
<testsuite hostname="PEPWUL109904" failures="0" tests="1" name="com.popup.window.tabs.multiplewindows" time="4.103" errors="1" timestamp="02 Dec 2019 17:39:32 GMT" skipped="0">
  <testcase classname="com.popup.window.tabs.multiplewindows" name="window" time="4.103">
    <error message="session not created: This version of ChromeDriver only supports Chrome version 76
Build info: version: &#039;3.9.1&#039;, revision: &#039;63f7b50&#039;, time: &#039;2018-02-07T22:42:28.403Z&#039;
System info: host: &#039;PEPWUL109904&#039;, ip: &#039;28.0.79.86&#039;, os.name: &#039;Windows 7&#039;, os.arch: &#039;amd64&#039;, os.version: &#039;6.1&#039;, java.version: &#039;10.0.1&#039;
Driver info: driver.version: ChromeDriver
remote stacktrace: Backtrace:
	Ordinal0 [0x00E87C53+1473619]
	Ordinal0 [0x00E0AD71+961905]
	Ordinal0 [0x00D942B3+475827]
	Ordinal0 [0x00D2F365+62309]
	Ordinal0 [0x00D2BC77+48247]
	Ordinal0 [0x00D49149+168265]
	Ordinal0 [0x00D48D1D+167197]
	Ordinal0 [0x00D4742B+160811]
	Ordinal0 [0x00D30AE6+68326]
	Ordinal0 [0x00D31BF0+72688]
	Ordinal0 [0x00D31B89+72585]
	Ordinal0 [0x00E24B37+1067831]
	GetHandleVerifier [0x00F26845+506677]
	GetHandleVerifier [0x00F265E0+506064]
	GetHandleVerifier [0x00F2D188+533624]
	GetHandleVerifier [0x00F2701A+508682]
	Ordinal0 [0x00E1C226+1032742]
	Ordinal0 [0x00E1C09F+1032351]
	Ordinal0 [0x00E26A4B+1075787]
	Ordinal0 [0x00E26BB3+1076147]
	Ordinal0 [0x00E25B65+1071973]
	BaseThreadInitThunk [0x769F343D+18]
	RtlInitializeExceptionChain [0x77309802+99]
	RtlInitializeExceptionChain [0x773097D5+54]
" type="org.openqa.selenium.SessionNotCreatedException">
      <![CDATA[org.openqa.selenium.SessionNotCreatedException: session not created: This version of ChromeDriver only supports Chrome version 76
Build info: version: '3.9.1', revision: '63f7b50', time: '2018-02-07T22:42:28.403Z'
System info: host: 'PEPWUL109904', ip: '28.0.79.86', os.name: 'Windows 7', os.arch: 'amd64', os.version: '6.1', java.version: '10.0.1'
Driver info: driver.version: ChromeDriver
remote stacktrace: Backtrace:
Ordinal0 [0x00E87C53+1473619]
Ordinal0 [0x00E0AD71+961905]
Ordinal0 [0x00D942B3+475827]
Ordinal0 [0x00D2F365+62309]
Ordinal0 [0x00D2BC77+48247]
Ordinal0 [0x00D49149+168265]
Ordinal0 [0x00D48D1D+167197]
Ordinal0 [0x00D4742B+160811]
Ordinal0 [0x00D30AE6+68326]
Ordinal0 [0x00D31BF0+72688]
Ordinal0 [0x00D31B89+72585]
Ordinal0 [0x00E24B37+1067831]
GetHandleVerifier [0x00F26845+506677]
GetHandleVerifier [0x00F265E0+506064]
GetHandleVerifier [0x00F2D188+533624]
GetHandleVerifier [0x00F2701A+508682]
Ordinal0 [0x00E1C226+1032742]
Ordinal0 [0x00E1C09F+1032351]
Ordinal0 [0x00E26A4B+1075787]
Ordinal0 [0x00E26BB3+1076147]
Ordinal0 [0x00E25B65+1071973]
BaseThreadInitThunk [0x769F343D+18]
RtlInitializeExceptionChain [0x77309802+99]
RtlInitializeExceptionChain [0x773097D5+54]

at java.base/jdk.internal.reflect.NativeConstructorAccessorImpl.newInstance0(Native Method)
at java.base/jdk.internal.reflect.NativeConstructorAccessorImpl.newInstance(Unknown Source)
at java.base/jdk.internal.reflect.DelegatingConstructorAccessorImpl.newInstance(Unknown Source)
at java.base/java.lang.reflect.Constructor.newInstance(Unknown Source)
at org.openqa.selenium.remote.W3CHandshakeResponse.lambda$new$0(W3CHandshakeResponse.java:57)
at org.openqa.selenium.remote.W3CHandshakeResponse.lambda$getResponseFunction$2(W3CHandshakeResponse.java:104)
at org.openqa.selenium.remote.ProtocolHandshake.lambda$createSession$0(ProtocolHandshake.java:123)
at java.base/java.util.stream.ReferencePipeline$3$1.accept(Unknown Source)
at java.base/java.util.Spliterators$ArraySpliterator.tryAdvance(Unknown Source)
at java.base/java.util.stream.ReferencePipeline.forEachWithCancel(Unknown Source)
at java.base/java.util.stream.AbstractPipeline.copyIntoWithCancel(Unknown Source)
at java.base/java.util.stream.AbstractPipeline.copyInto(Unknown Source)
at java.base/java.util.stream.AbstractPipeline.wrapAndCopyInto(Unknown Source)
at java.base/java.util.stream.FindOps$FindOp.evaluateSequential(Unknown Source)
at java.base/java.util.stream.AbstractPipeline.evaluate(Unknown Source)
at java.base/java.util.stream.ReferencePipeline.findFirst(Unknown Source)
at org.openqa.selenium.remote.ProtocolHandshake.createSession(ProtocolHandshake.java:126)
at org.openqa.selenium.remote.ProtocolHandshake.createSession(ProtocolHandshake.java:73)
at org.openqa.selenium.remote.HttpCommandExecutor.execute(HttpCommandExecutor.java:138)
at org.openqa.selenium.remote.service.DriverCommandExecutor.execute(DriverCommandExecutor.java:83)
at org.openqa.selenium.remote.RemoteWebDriver.execute(RemoteWebDriver.java:601)
at org.openqa.selenium.remote.RemoteWebDriver.startSession(RemoteWebDriver.java:219)
at org.openqa.selenium.remote.RemoteWebDriver.<init>(RemoteWebDriver.java:142)
at org.openqa.selenium.chrome.ChromeDriver.<init>(ChromeDriver.java:181)
at org.openqa.selenium.chrome.ChromeDriver.<init>(ChromeDriver.java:168)
at org.openqa.selenium.chrome.ChromeDriver.<init>(ChromeDriver.java:123)
at com.popup.window.tabs.multiplewindows.window(multiplewindows.java:14)
at java.base/jdk.internal.reflect.NativeMethodAccessorImpl.invoke0(Native Method)
at java.base/jdk.internal.reflect.NativeMethodAccessorImpl.invoke(Unknown Source)
at java.base/jdk.internal.reflect.DelegatingMethodAccessorImpl.invoke(Unknown Source)
at java.base/java.lang.reflect.Method.invoke(Unknown Source)
at org.testng.internal.MethodInvocationHelper.invokeMethod(MethodInvocationHelper.java:124)
at org.testng.internal.Invoker.invokeMethod(Invoker.java:583)
at org.testng.internal.Invoker.invokeTestMethod(Invoker.java:719)
at org.testng.internal.Invoker.invokeTestMethods(Invoker.java:989)
at org.testng.internal.TestMethodWorker.invokeTestMethods(TestMethodWorker.java:125)
at org.testng.internal.TestMethodWorker.run(TestMethodWorker.java:109)
at org.testng.TestRunner.privateRun(TestRunner.java:648)
at org.testng.TestRunner.run(TestRunner.java:505)
at org.testng.SuiteRunner.runTest(SuiteRunner.java:455)
at org.testng.SuiteRunner.runSequentially(SuiteRunner.java:450)
at org.testng.SuiteRunner.privateRun(SuiteRunner.java:415)
at org.testng.SuiteRunner.run(SuiteRunner.java:364)
at org.testng.SuiteRunnerWorker.runSuite(SuiteRunnerWorker.java:52)
at org.testng.SuiteRunnerWorker.run(SuiteRunnerWorker.java:84)
at org.testng.TestNG.runSuitesSequentially(TestNG.java:1208)
at org.testng.TestNG.runSuitesLocally(TestNG.java:1137)
at org.testng.TestNG.runSuites(TestNG.java:1049)
at org.testng.TestNG.run(TestNG.java:1017)
at org.testng.remote.AbstractRemoteTestNG.run(AbstractRemoteTestNG.java:115)
at org.testng.remote.RemoteTestNG.initAndRun(RemoteTestNG.java:251)
at org.testng.remote.RemoteTestNG.main(RemoteTestNG.java:77)
]]>
    </error>
  </testcase> <!-- window -->
</testsuite> <!-- com.popup.window.tabs.multiplewindows -->
